0 info it worked if it ends with ok
1 verbose cli [ '/usr/bin/nodejs', '/usr/bin/npm', 'i', '--save', 'md5-file' ]
2 info using npm@1.3.10
3 info using node@v0.10.25
4 warn package.json flashlight@2.0.1 No repository field.
5 warn package.json chai-http@3.0.0 scripts['server'] should probably be scripts['start'].
6 warn package.json passport@0.3.2 No README data
7 verbose readDependencies using package.json deps
8 verbose cache add [ 'md5-file', null ]
9 verbose cache add name=undefined spec="md5-file" args=["md5-file",null]
10 verbose parsed url { protocol: null,
10 verbose parsed url   slashes: null,
10 verbose parsed url   auth: null,
10 verbose parsed url   host: null,
10 verbose parsed url   port: null,
10 verbose parsed url   hostname: null,
10 verbose parsed url   hash: null,
10 verbose parsed url   search: null,
10 verbose parsed url   query: null,
10 verbose parsed url   pathname: 'md5-file',
10 verbose parsed url   path: 'md5-file',
10 verbose parsed url   href: 'md5-file' }
11 silly lockFile 21ba2837-md5-file md5-file
12 verbose lock md5-file /root/.npm/21ba2837-md5-file.lock
13 silly lockFile 21ba2837-md5-file md5-file
14 silly lockFile 21ba2837-md5-file md5-file
15 verbose addNamed [ 'md5-file', '' ]
16 verbose addNamed [ null, '*' ]
17 silly lockFile c3c54462-md5-file md5-file@
18 verbose lock md5-file@ /root/.npm/c3c54462-md5-file.lock
19 silly addNameRange { name: 'md5-file', range: '*', hasData: false }
20 verbose url raw md5-file
21 verbose url resolving [ 'https://registry.npmjs.org/', './md5-file' ]
22 verbose url resolved https://registry.npmjs.org/md5-file
23 info trying registry request attempt 1 at 11:29:40
24 http GET https://registry.npmjs.org/md5-file
25 info retry will retry, error on last attempt: Error: CERT_UNTRUSTED
26 info trying registry request attempt 2 at 11:29:51
27 http GET https://registry.npmjs.org/md5-file
28 info retry will retry, error on last attempt: Error: CERT_UNTRUSTED
29 info trying registry request attempt 3 at 11:30:51
30 http GET https://registry.npmjs.org/md5-file
31 silly lockFile c3c54462-md5-file md5-file@
32 silly lockFile c3c54462-md5-file md5-file@
33 error Error: CERT_UNTRUSTED
33 error     at SecurePair.<anonymous> (tls.js:1370:32)
33 error     at SecurePair.EventEmitter.emit (events.js:92:17)
33 error     at SecurePair.maybeInitFinished (tls.js:982:10)
33 error     at CleartextStream.read [as _read] (tls.js:469:13)
33 error     at CleartextStream.Readable.read (_stream_readable.js:320:10)
33 error     at EncryptedStream.write [as _write] (tls.js:366:25)
33 error     at doWrite (_stream_writable.js:223:10)
33 error     at writeOrBuffer (_stream_writable.js:213:5)
33 error     at EncryptedStream.Writable.write (_stream_writable.js:180:11)
33 error     at write (_stream_readable.js:583:24)
34 error If you need help, you may report this log at:
34 error     <http://github.com/isaacs/npm/issues>
34 error or email it to:
34 error     <npm-@googlegroups.com>
35 error System Linux 3.16.0-38-generic
36 error command "/usr/bin/nodejs" "/usr/bin/npm" "i" "--save" "md5-file"
37 error cwd /home/development/flashlight
38 error node -v v0.10.25
39 error npm -v 1.3.10
40 verbose exit [ 1, true ]
